{
  message: 'Database Connected Successfully',
  level: 'info',
  service: 'user-service',
  label: 'UNI',
  timestamp: '2023-11-16T13:42:28.863Z'
}
{
  message: 'Application Listening on port 5000',
  level: 'info',
  service: 'user-service',
  label: 'UNI',
  timestamp: '2023-11-16T13:42:29.033Z'
}
{
  message: 'Database Connected Successfully',
  level: 'info',
  service: 'user-service',
  label: 'UNI',
  timestamp: '2023-11-16T13:43:00.301Z'
}
{
  message: 'Application Listening on port 5000',
  level: 'info',
  service: 'user-service',
  label: 'UNI',
  timestamp: '2023-11-16T13:43:00.308Z'
}
{
  message: 'Database Connected Successfully',
  level: 'info',
  service: 'user-service',
  label: 'UNI',
  timestamp: '2023-11-16T13:43:38.210Z'
}
{
  message: 'Application Listening on port 5000',
  level: 'info',
  service: 'user-service',
  label: 'UNI',
  timestamp: '2023-11-16T13:43:38.216Z'
}
{
  message: 'Database Connected Successfully',
  level: 'info',
  service: 'user-service',
  label: 'UNI',
  timestamp: '2023-11-16T13:46:12.697Z'
}
{
  message: 'Application Listening on port 5000',
  level: 'info',
  service: 'user-service',
  label: 'UNI',
  timestamp: '2023-11-16T13:46:12.704Z'
}
