{
  message: 'Database Connected Successfully',
  level: 'info',
  service: 'user-service',
  label: 'UNI',
  timestamp: '2023-11-16T05:37:27.005Z'
}
{
  message: 'Application Listening on port 5000',
  level: 'info',
  service: 'user-service',
  label: 'UNI',
  timestamp: '2023-11-16T05:37:27.154Z'
}
{
  message: 'Database Connected Successfully',
  level: 'info',
  service: 'user-service',
  label: 'UNI',
  timestamp: '2023-11-16T05:37:51.929Z'
}
{
  message: 'Application Listening on port 5000',
  level: 'info',
  service: 'user-service',
  label: 'UNI',
  timestamp: '2023-11-16T05:37:51.938Z'
}
{
  message: 'Database Connected Successfully',
  level: 'info',
  service: 'user-service',
  label: 'UNI',
  timestamp: '2023-11-16T05:38:01.455Z'
}
{
  message: 'Application Listening on port 5000',
  level: 'info',
  service: 'user-service',
  label: 'UNI',
  timestamp: '2023-11-16T05:38:01.471Z'
}
{
  message: 'Database Connected Successfully',
  level: 'info',
  service: 'user-service',
  label: 'UNI',
  timestamp: '2023-11-16T05:39:46.933Z'
}
{
  message: 'Application Listening on port 5000',
  level: 'info',
  service: 'user-service',
  label: 'UNI',
  timestamp: '2023-11-16T05:39:46.940Z'
}
{
  message: 'Database Connected Successfully',
  level: 'info',
  service: 'user-service',
  label: 'UNI',
  timestamp: '2023-11-16T05:39:59.139Z'
}
{
  message: 'Application Listening on port 5000',
  level: 'info',
  service: 'user-service',
  label: 'UNI',
  timestamp: '2023-11-16T05:39:59.146Z'
}
{
  message: 'Database Connected Successfully',
  level: 'info',
  service: 'user-service',
  label: 'UNI',
  timestamp: '2023-11-16T05:40:40.608Z'
}
{
  message: 'Application Listening on port 5000',
  level: 'info',
  service: 'user-service',
  label: 'UNI',
  timestamp: '2023-11-16T05:40:40.615Z'
}
{
  message: 'Database Connected Successfully',
  level: 'info',
  service: 'user-service',
  label: 'UNI',
  timestamp: '2023-11-16T05:48:46.468Z'
}
{
  message: 'Application Listening on port 5000',
  level: 'info',
  service: 'user-service',
  label: 'UNI',
  timestamp: '2023-11-16T05:48:46.477Z'
}
{
  message: 'Database Connected Successfully',
  level: 'info',
  service: 'user-service',
  label: 'UNI',
  timestamp: '2023-11-16T05:48:52.289Z'
}
{
  message: 'Application Listening on port 5000',
  level: 'info',
  service: 'user-service',
  label: 'UNI',
  timestamp: '2023-11-16T05:48:52.296Z'
}
{
  message: 'Database Connected Successfully',
  level: 'info',
  service: 'user-service',
  label: 'UNI',
  timestamp: '2023-11-16T05:52:42.035Z'
}
{
  message: 'Application Listening on port 5000',
  level: 'info',
  service: 'user-service',
  label: 'UNI',
  timestamp: '2023-11-16T05:52:42.042Z'
}
{
  message: 'Database Connected Successfully',
  level: 'info',
  service: 'user-service',
  label: 'UNI',
  timestamp: '2023-11-16T05:53:41.734Z'
}
{
  message: 'Application Listening on port 5000',
  level: 'info',
  service: 'user-service',
  label: 'UNI',
  timestamp: '2023-11-16T05:53:41.741Z'
}
{
  message: 'Database Connected Successfully',
  level: 'info',
  service: 'user-service',
  label: 'UNI',
  timestamp: '2023-11-16T05:59:19.658Z'
}
{
  message: 'Application Listening on port 5000',
  level: 'info',
  service: 'user-service',
  label: 'UNI',
  timestamp: '2023-11-16T05:59:19.667Z'
}
